<?xml version="1.0" encoding="UTF-8"?>
<testng-results ignored="0" total="1" passed="1" failed="0" skipped="0">
  <reporter-output>
  </reporter-output>
  <suite started-at="2024-04-17T13:07:45 IST" name="Default suite" finished-at="2024-04-17T13:07:56 IST" duration-ms="11177">
    <groups>
    </groups>
    <test started-at="2024-04-17T13:07:45 IST" name="Default test" finished-at="2024-04-17T13:07:56 IST" duration-ms="11177">
      <class name="com.qa.testlayer.Testcase_001">
        <test-method is-config="true" signature="setUP()[pri:0, instance:com.qa.testlayer.Testcase_001@52e6fdee]" started-at="2024-04-17T13:07:45 IST" name="setUP" finished-at="2024-04-17T13:07:53 IST" duration-ms="7866" status="PASS">
          <reporter-output>
          </reporter-output>
        </test-method> <!-- setUP -->
        <test-method signature="enterValidUsername_And_ValidPassword()[pri:0, instance:com.qa.testlayer.Testcase_001@52e6fdee]" started-at="2024-04-17T13:07:53 IST" name="enterValidUsername_And_ValidPassword" finished-at="2024-04-17T13:07:56 IST" duration-ms="3291" status="PASS">
          <reporter-output>
          </reporter-output>
        </test-method> <!-- enterValidUsername_And_ValidPassword -->
        <test-method is-config="true" signature="tearDown()[pri:0, instance:com.qa.testlayer.Testcase_001@52e6fdee]" started-at="2024-04-17T13:07:56 IST" name="tearDown" finished-at="2024-04-17T13:07:56 IST" duration-ms="1" status="PASS">
          <reporter-output>
          </reporter-output>
        </test-method> <!-- tearDown -->
      </class> <!-- com.qa.testlayer.Testcase_001 -->
    </test> <!-- Default test -->
  </suite> <!-- Default suite -->
</testng-results>
